<?xml version="1.0" encoding="UTF-8"?>
<testng-results ignored="0" total="1" passed="1" failed="0" skipped="0">
  <reporter-output>
  </reporter-output>
  <suite started-at="2022-01-04T17:33:46 IST" name="Default suite" finished-at="2022-01-04T17:34:41 IST" duration-ms="55068">
    <groups>
    </groups>
    <test started-at="2022-01-04T17:33:46 IST" name="Default test" finished-at="2022-01-04T17:34:41 IST" duration-ms="55068">
      <class name="testCases.TC_ScoreCard">
        <test-method is-config="true" signature="setup()[pri:0, instance:testCases.TC_ScoreCard@4ac3c60d]" started-at="2022-01-04T17:33:46 IST" name="setup" finished-at="2022-01-04T17:34:12 IST" duration-ms="26122" status="PASS">
          <reporter-output>
          </reporter-output>
        </test-method> <!-- setup -->
        <test-method is-config="true" signature="beforeMethod()[pri:0, instance:testCases.TC_ScoreCard@4ac3c60d]" started-at="2022-01-04T17:34:12 IST" name="beforeMethod" finished-at="2022-01-04T17:34:14 IST" duration-ms="1516" status="PASS">
          <reporter-output>
          </reporter-output>
        </test-method> <!-- beforeMethod -->
        <test-method signature="scoreCard_TC_01()[pri:0, instance:testCases.TC_ScoreCard@4ac3c60d]" started-at="2022-01-04T17:34:14 IST" name="scoreCard_TC_01" finished-at="2022-01-04T17:34:35 IST" duration-ms="21106" status="PASS">
          <reporter-output>
          </reporter-output>
        </test-method> <!-- scoreCard_TC_01 -->
        <test-method is-config="true" signature="tearDownAfterClass(org.testng.ITestResult)[pri:0, instance:testCases.TC_ScoreCard@4ac3c60d]" started-at="2022-01-04T17:34:35 IST" name="tearDownAfterClass" finished-at="2022-01-04T17:34:39 IST" duration-ms="3778" status="PASS">
          <params>
            <param index="0">
              <value>
                <![CDATA[[TestResult name=scoreCard_TC_01 status=SUCCESS method=TC_ScoreCard.scoreCard_TC_01()[pri:0, instance:testCases.TC_ScoreCard@4ac3c60d] output={null}]]]>
              </value>
            </param>
          </params>
          <reporter-output>
          </reporter-output>
        </test-method> <!-- tearDownAfterClass -->
        <test-method is-config="true" signature="tearDown()[pri:0, instance:testCases.TC_ScoreCard@4ac3c60d]" started-at="2022-01-04T17:34:39 IST" name="tearDown" finished-at="2022-01-04T17:34:41 IST" duration-ms="2245" status="PASS">
          <reporter-output>
          </reporter-output>
        </test-method> <!-- tearDown -->
      </class> <!-- testCases.TC_ScoreCard -->
    </test> <!-- Default test -->
  </suite> <!-- Default suite -->
</testng-results>
