<?xml version="1.0" encoding="UTF-8"?>
<testng-results ignored="0" total="1" passed="1" failed="0" skipped="0">
  <reporter-output>
  </reporter-output>
  <suite started-at="2022-01-04T02:18:36 IST" name="Default suite" finished-at="2022-01-04T02:19:31 IST" duration-ms="55649">
    <groups>
    </groups>
    <test started-at="2022-01-04T02:18:36 IST" name="Default test" finished-at="2022-01-04T02:19:31 IST" duration-ms="55649">
      <class name="testCases.TC_ChangePassword_001">
        <test-method is-config="true" signature="setup()[pri:0, instance:testCases.TC_ChangePassword_001@4ac3c60d]" started-at="2022-01-04T02:18:36 IST" name="setup" finished-at="2022-01-04T02:18:47 IST" duration-ms="11223" status="PASS">
          <reporter-output>
          </reporter-output>
        </test-method> <!-- setup -->
        <test-method is-config="true" signature="beforeMethod()[pri:0, instance:testCases.TC_ChangePassword_001@4ac3c60d]" started-at="2022-01-04T02:18:47 IST" name="beforeMethod" finished-at="2022-01-04T02:18:48 IST" duration-ms="870" status="PASS">
          <reporter-output>
          </reporter-output>
        </test-method> <!-- beforeMethod -->
        <test-method signature="changePassword_TC_02()[pri:0, instance:testCases.TC_ChangePassword_001@4ac3c60d]" started-at="2022-01-04T02:18:48 IST" name="changePassword_TC_02" finished-at="2022-01-04T02:19:27 IST" duration-ms="39562" status="PASS">
          <reporter-output>
          </reporter-output>
        </test-method> <!-- changePassword_TC_02 -->
        <test-method is-config="true" signature="tearDownAfterClass(org.testng.ITestResult)[pri:0, instance:testCases.TC_ChangePassword_001@4ac3c60d]" started-at="2022-01-04T02:19:28 IST" name="tearDownAfterClass" finished-at="2022-01-04T02:19:29 IST" duration-ms="1859" status="PASS">
          <params>
            <param index="0">
              <value>
                <![CDATA[[TestResult name=changePassword_TC_02 status=SUCCESS method=TC_ChangePassword_001.changePassword_TC_02()[pri:0, instance:testCases.TC_ChangePassword_001@4ac3c60d] output={null}]]]>
              </value>
            </param>
          </params>
          <reporter-output>
          </reporter-output>
        </test-method> <!-- tearDownAfterClass -->
        <test-method is-config="true" signature="tearDown()[pri:0, instance:testCases.TC_ChangePassword_001@4ac3c60d]" started-at="2022-01-04T02:19:29 IST" name="tearDown" finished-at="2022-01-04T02:19:31 IST" duration-ms="1951" status="PASS">
          <reporter-output>
          </reporter-output>
        </test-method> <!-- tearDown -->
      </class> <!-- testCases.TC_ChangePassword_001 -->
    </test> <!-- Default test -->
  </suite> <!-- Default suite -->
</testng-results>
